<?xml version="1.0" encoding="UTF-8"?>
<!-- Generated by org.testng.reporters.JUnitReportReporter -->
<testsuite skipped="0" hostname="user-PC" name="com.splus.selenium.SelDemo" tests="1" failures="0" timestamp="07 Oct 2017 12:49:26 GMT" time="0.095" errors="0">
  <testcase name="printSel" time="0.095" classname="com.splus.selenium.SelDemo"/>
</testsuite> <!-- com.splus.selenium.SelDemo -->
